c:\users\noorum\desktop\graphicsframework1.3 -multiple balls\componentframework\debug\vc140.pdb
c:\users\noorum\desktop\graphicsframework1.3 -multiple balls\componentframework\debug\vc140.idb
c:\users\noorum\desktop\graphicsframework1.3 -multiple balls\componentframework\debug\debug.obj
c:\users\noorum\desktop\graphicsframework1.3 -multiple balls\componentframework\debug\gamescenemanager.obj
c:\users\noorum\desktop\graphicsframework1.3 -multiple balls\componentframework\debug\mesh.obj
c:\users\noorum\desktop\graphicsframework1.3 -multiple balls\componentframework\debug\main.obj
c:\users\noorum\desktop\graphicsframework1.3 -multiple balls\componentframework\debug\mmath.obj
c:\users\noorum\desktop\graphicsframework1.3 -multiple balls\componentframework\debug\model.obj
c:\users\noorum\desktop\graphicsframework1.3 -multiple balls\componentframework\debug\objloader.obj
c:\users\noorum\desktop\graphicsframework1.3 -multiple balls\componentframework\debug\physics.obj
c:\users\noorum\desktop\graphicsframework1.3 -multiple balls\componentframework\debug\randomizer.obj
c:\users\noorum\desktop\graphicsframework1.3 -multiple balls\componentframework\debug\scene.obj
c:\users\noorum\desktop\graphicsframework1.3 -multiple balls\componentframework\debug\scene1.obj
c:\users\noorum\desktop\graphicsframework1.3 -multiple balls\componentframework\debug\shader.obj
c:\users\noorum\desktop\graphicsframework1.3 -multiple balls\componentframework\debug\timer.obj
c:\users\noorum\desktop\graphicsframework1.3 -multiple balls\componentframework\debug\trackball.obj
c:\users\noorum\desktop\graphicsframework1.3 -multiple balls\componentframework\debug\vmath.obj
c:\users\noorum\desktop\graphicsframework1.3 -multiple balls\componentframework\debug\window.obj
c:\users\noorum\desktop\graphicsframework1.3 -multiple balls\debug\componentframework.ilk
c:\users\noorum\desktop\graphicsframework1.3 -multiple balls\debug\componentframework.exe
c:\users\noorum\desktop\graphicsframework1.3 -multiple balls\debug\componentframework.pdb
c:\users\noorum\desktop\graphicsframework1.3 -multiple balls\componentframework\debug\componen.f2dcb53b.tlog\cl.command.1.tlog
c:\users\noorum\desktop\graphicsframework1.3 -multiple balls\componentframework\debug\componen.f2dcb53b.tlog\cl.read.1.tlog
c:\users\noorum\desktop\graphicsframework1.3 -multiple balls\componentframework\debug\componen.f2dcb53b.tlog\cl.write.1.tlog
c:\users\noorum\desktop\graphicsframework1.3 -multiple balls\componentframework\debug\componen.f2dcb53b.tlog\link.command.1.tlog
c:\users\noorum\desktop\graphicsframework1.3 -multiple balls\componentframework\debug\componen.f2dcb53b.tlog\link.read.1.tlog
c:\users\noorum\desktop\graphicsframework1.3 -multiple balls\componentframework\debug\componen.f2dcb53b.tlog\link.write.1.tlog
